<?xml version="1.0" encoding="utf-8" standalone="no"?>
<test-results xmlns:xsi="http://www.w3.org/2001/XMLSchema-instance" xsi:noNamespaceSchemaLocation="nunit_schema_2.5.xsd" name="Pester" total="31" errors="0" failures="0" not-run="0" inconclusive="0" ignored="0" skipped="0" invalid="0" date="2026-09-01" time="01:04:47">
  <environment machine-name="vm" user="root" cwd="/home/user/ExchangeAssessment" platform="Linux" os-version="6.18.44-fc-v22" clr-version="8.0.10" nunit-version="2.5.8.0" user-domain="" />
  <culture-info current-culture="" current-uiculture="" />
  <test-suite type="TestFixture" name="Pester" executed="True" result="Success" success="True" time="3.6914" asserts="0" description="Pester">
    <results>
      <test-suite type="TestFixture" name="/home/user/ExchangeAssessment/tests/ExchangeAssessment.Tests.ps1" executed="True" result="Success" success="True" time="3.6914" asserts="0" description="/home/user/ExchangeAssessment/tests/ExchangeAssessment.Tests.ps1">
        <results>
          <test-suite type="TestFixture" name="ExchangeAssessment" executed="True" result="Success" success="True" time="3.1222" asserts="0" description="ExchangeAssessment">
            <results>
              <test-suite type="TestFixture" name="ExchangeAssessment.Module import" executed="True" result="Success" success="True" time="0.4247" asserts="0" description="ExchangeAssessment.Module import">
                <results>
                  <test-case description="has a manifest that passes Test-ModuleManifest" name="ExchangeAssessment.Module import.has a manifest that passes Test-ModuleManifest" time="0.1474" asserts="0" success="True" result="Success" executed="True" />
                  <test-case description="imports from the manifest path without error" name="ExchangeAssessment.Module import.imports from the manifest path without error" time="0.1891" asserts="0" success="True" result="Success" executed="True" />
                  <test-case description="keeps the 5.1 floor for the Exchange Management Shell" name="ExchangeAssessment.Module import.keeps the 5.1 floor for the Exchange Management Shell" time="0.0401" asserts="0" success="True" result="Success" executed="True" />
                  <test-case description="carries a real module GUID" name="ExchangeAssessment.Module import.carries a real module GUID" time="0.0118" asserts="0" success="True" result="Success" executed="True" />
                </results>
              </test-suite>
              <test-suite type="TestFixture" name="ExchangeAssessment.Public surface" executed="True" result="Success" success="True" time="0.6069" asserts="0" description="ExchangeAssessment.Public surface">
                <results>
                  <test-case description="exports every function named in FunctionsToExport" name="ExchangeAssessment.Public surface.exports every function named in FunctionsToExport" time="0.0783" asserts="0" success="True" result="Success" executed="True" />
                  <test-case description="exposes Invoke-ExchCollection as the primary collection entry point" name="ExchangeAssessment.Public surface.exposes Invoke-ExchCollection as the primary collection entry point" time="0.018" asserts="0" success="True" result="Success" executed="True" />
                  <test-case description="defines no function name twice across the module" name="ExchangeAssessment.Public surface.defines no function name twice across the module" time="0.0548" asserts="0" success="True" result="Success" executed="True" />
                </results>
              </test-suite>
              <test-suite type="TestFixture" name="ExchangeAssessment.Control catalog" executed="True" result="Success" success="True" time="0.6572" asserts="0" description="ExchangeAssessment.Control catalog">
                <results>
                  <test-case description="gives every control a domain New-ExchFinding will accept" name="ExchangeAssessment.Control catalog.gives every control a domain New-ExchFinding will accept" time="0.0184" asserts="0" success="True" result="Success" executed="True" />
                  <test-case description="gives every control at least one Microsoft reference" name="ExchangeAssessment.Control catalog.gives every control at least one Microsoft reference" time="0.0079" asserts="0" success="True" result="Success" executed="True" />
                </results>
              </test-suite>
              <test-suite type="TestFixture" name="ExchangeAssessment.Collector registry" executed="True" result="Success" success="True" time="1.1563" asserts="0" description="ExchangeAssessment.Collector registry">
                <results>
                  <test-case description="ships collector files" name="ExchangeAssessment.Collector registry.ships collector files" time="0.0117" asserts="0" success="True" result="Success" executed="True" />
                  <test-case description="defines the function named by every registry entry" name="ExchangeAssessment.Collector registry.defines the function named by every registry entry" time="0.03" asserts="0" success="True" result="Success" executed="True" />
                  <test-case description="resolves every control id the registry references" name="ExchangeAssessment.Collector registry.resolves every control id the registry references" time="0.3741" asserts="0" success="True" result="Success" executed="True" />
                  <test-case description="orders collectors so dependencies run first and the graph is acyclic" name="ExchangeAssessment.Collector registry.orders collectors so dependencies run first and the graph is acyclic" time="0.0586" asserts="0" success="True" result="Success" executed="True" />
                </results>
              </test-suite>
              <test-suite type="TestFixture" name="ExchangeAssessment.Read-only guarantee" executed="True" result="Success" success="True" time="1.7397" asserts="0" description="ExchangeAssessment.Read-only guarantee">
                <results>
                  <test-case description="invokes no Exchange cmdlet that changes state" name="ExchangeAssessment.Read-only guarantee.invokes no Exchange cmdlet that changes state" time="0.5791" asserts="0" success="True" result="Success" executed="True" />
                </results>
              </test-suite>
              <test-suite type="TestFixture" name="ExchangeAssessment.Exchange Online isolation" executed="True" result="Success" success="True" time="1.8611" asserts="0" description="ExchangeAssessment.Exchange Online isolation">
                <results>
                  <test-case description="reaches tenant data only through the prefixed cloud query helper" name="ExchangeAssessment.Exchange Online isolation.reaches tenant data only through the prefixed cloud query helper" time="0.0449" asserts="0" success="True" result="Success" executed="True" />
                  <test-case description="never falls back to the unprefixed cmdlet name" name="ExchangeAssessment.Exchange Online isolation.never falls back to the unprefixed cmdlet name" time="0.0367" asserts="0" success="True" result="Success" executed="True" />
                  <test-case description="starts every run with a disconnected cloud state" name="ExchangeAssessment.Exchange Online isolation.starts every run with a disconnected cloud state" time="0.0155" asserts="0" success="True" result="Success" executed="True" />
                </results>
              </test-suite>
              <test-suite type="TestFixture" name="ExchangeAssessment.Credential hygiene" executed="True" result="Success" success="True" time="1.9347" asserts="0" description="ExchangeAssessment.Credential hygiene">
                <results>
                  <test-case description="redacts sign-in identifiers from the transcript but keeps the tenant name" name="ExchangeAssessment.Credential hygiene.redacts sign-in identifiers from the transcript but keeps the tenant name" time="0.0481" asserts="0" success="True" result="Success" executed="True" />
                </results>
              </test-suite>
              <test-suite type="TestFixture" name="ExchangeAssessment.Findings are earned, not assumed" executed="True" result="Success" success="True" time="1.9915" asserts="0" description="ExchangeAssessment.Findings are earned, not assumed">
                <results>
                  <test-case description="requires every finding to state an outcome and a rationale" name="ExchangeAssessment.Findings are earned, not assumed.requires every finding to state an outcome and a rationale" time="0.0313" asserts="0" success="True" result="Success" executed="True" />
                  <test-case description="hardcodes no Compliant outcome in any collector" name="ExchangeAssessment.Findings are earned, not assumed.hardcodes no Compliant outcome in any collector" time="0.0215" asserts="0" success="True" result="Success" executed="True" />
                </results>
              </test-suite>
              <test-suite type="TestFixture" name="ExchangeAssessment.Failure logging" executed="True" result="Success" success="True" time="2.1505" asserts="0" description="ExchangeAssessment.Failure logging">
                <results>
                  <test-case description="captures the exception type, position and inner chain from an ErrorRecord" name="ExchangeAssessment.Failure logging.captures the exception type, position and inner chain from an ErrorRecord" time="0.0571" asserts="0" success="True" result="Success" executed="True" />
                  <test-case description="records a failure on the run so it reaches the report, not just the log" name="ExchangeAssessment.Failure logging.records a failure on the run so it reaches the report, not just the log" time="0.0659" asserts="0" success="True" result="Success" executed="True" />
                  <test-case description="returns the run error list even when it is still empty" name="ExchangeAssessment.Failure logging.returns the run error list even when it is still empty" time="0.0106" asserts="0" success="True" result="Success" executed="True" />
                </results>
              </test-suite>
              <test-suite type="TestFixture" name="ExchangeAssessment.Report writers" executed="True" result="Success" success="True" time="2.3943" asserts="0" description="ExchangeAssessment.Report writers">
                <results>
                  <test-case description="flattens multi-valued properties into one CSV cell" name="ExchangeAssessment.Report writers.flattens multi-valued properties into one CSV cell" time="0.01" asserts="0" success="True" result="Success" executed="True" />
                  <test-case description="summarises a high-cardinality section for JSON but keeps every row for CSV" name="ExchangeAssessment.Report writers.summarises a high-cardinality section for JSON but keeps every row for CSV" time="0.0103" asserts="0" success="True" result="Success" executed="True" />
                  <test-case description="writes one CSV per section plus findings, holding every row" name="ExchangeAssessment.Report writers.writes one CSV per section plus findings, holding every row" time="0.0457" asserts="0" success="True" result="Success" executed="True" />
                  <test-case description="writes an assessment.json carrying inventory, findings and controls" name="ExchangeAssessment.Report writers.writes an assessment.json carrying inventory, findings and controls" time="0.0788" asserts="0" success="True" result="Success" executed="True" />
                </results>
              </test-suite>
              <test-suite type="TestFixture" name="ExchangeAssessment.Entry script" executed="True" result="Success" success="True" time="2.4413" asserts="0" description="ExchangeAssessment.Entry script">
                <results>
                  <test-case description="exists and parses without error" name="ExchangeAssessment.Entry script.exists and parses without error" time="0.0113" asserts="0" success="True" result="Success" executed="True" />
                  <test-case description="returns a summary object rather than writing to the host" name="ExchangeAssessment.Entry script.returns a summary object rather than writing to the host" time="0.0098" asserts="0" success="True" result="Success" executed="True" />
                  <test-case description="generates the reports before closing the run so the hash manifest covers them" name="ExchangeAssessment.Entry script.generates the reports before closing the run so the hash manifest covers them" time="0.0214" asserts="0" success="True" result="Success" executed="True" />
                </results>
              </test-suite>
              <test-suite type="TestFixture" name="ExchangeAssessment.Static analysis" executed="True" result="Success" success="True" time="3.1024" asserts="0" description="ExchangeAssessment.Static analysis">
                <results>
                  <test-case description="reports no PSScriptAnalyzer findings for the repository" name="ExchangeAssessment.Static analysis.reports no PSScriptAnalyzer findings for the repository" time="0.6524" asserts="0" success="True" result="Success" executed="True" />
                </results>
              </test-suite>
            </results>
          </test-suite>
        </results>
      </test-suite>
    </results>
  </test-suite>
</test-results>